<?xml version="1.0" encoding="UTF-8"?>
<coverage generated="1714085525178" clover="3.2.0">
  <project timestamp="1714085525178" name="All files">
    <metrics statements="38" coveredstatements="35" conditionals="12" coveredconditionals="9" methods="10" coveredmethods="10" elements="60" coveredelements="54" complexity="0" loc="38" ncloc="38" packages="1" files="4" classes="4"/>
    <file name="Agenda.ts" path="/Users/joaovitoroliveira/Desktop/Developer/ads/POO/trabalho-quadras/Classes/Agenda.ts">
      <metrics statements="5" coveredstatements="5" conditionals="0" coveredconditionals="0" methods="2" coveredmethods="2"/>
      <line num="1" count="5" type="stmt"/>
      <line num="15" count="5" type="stmt"/>
      <line num="19" count="12" type="stmt"/>
      <line num="20" count="12" type="stmt"/>
      <line num="21" count="84" type="stmt"/>
    </file>
    <file name="Cliente.ts" path="/Users/joaovitoroliveira/Desktop/Developer/ads/POO/trabalho-quadras/Classes/Cliente.ts">
      <metrics statements="2" coveredstatements="2" conditionals="0" coveredconditionals="0" methods="1" coveredmethods="1"/>
      <line num="1" count="4" type="stmt"/>
      <line num="5" count="10" type="stmt"/>
    </file>
    <file name="Quadra.ts" path="/Users/joaovitoroliveira/Desktop/Developer/ads/POO/trabalho-quadras/Classes/Quadra.ts">
      <metrics statements="8" coveredstatements="8" conditionals="0" coveredconditionals="0" methods="2" coveredmethods="2"/>
      <line num="1" count="5" type="stmt"/>
      <line num="3" count="5" type="stmt"/>
      <line num="5" count="5" type="stmt"/>
      <line num="11" count="12" type="stmt"/>
      <line num="12" count="12" type="stmt"/>
      <line num="13" count="12" type="stmt"/>
      <line num="17" count="10" type="stmt"/>
      <line num="19" count="10" type="stmt"/>
    </file>
    <file name="Reserva.ts" path="/Users/joaovitoroliveira/Desktop/Developer/ads/POO/trabalho-quadras/Classes/Reserva.ts">
      <metrics statements="23" coveredstatements="20" conditionals="12" coveredconditionals="9" methods="5" coveredmethods="5"/>
      <line num="4" count="4" type="stmt"/>
      <line num="6" count="4" type="stmt"/>
      <line num="13" count="10" type="stmt"/>
      <line num="14" count="10" type="stmt"/>
      <line num="15" count="10" type="stmt"/>
      <line num="16" count="10" type="stmt"/>
      <line num="20" count="4" type="stmt"/>
      <line num="24" count="10" type="cond" truecount="1" falsecount="1"/>
      <line num="25" count="0" type="stmt"/>
      <line num="26" count="10" type="cond" truecount="2" falsecount="0"/>
      <line num="29" count="1" type="stmt"/>
      <line num="31" count="9" type="stmt"/>
      <line num="32" count="9" type="stmt"/>
      <line num="37" count="2" type="cond" truecount="1" falsecount="1"/>
      <line num="38" count="0" type="stmt"/>
      <line num="39" count="2" type="cond" truecount="1" falsecount="1"/>
      <line num="42" count="0" type="stmt"/>
      <line num="45" count="2" type="stmt"/>
      <line num="46" count="2" type="stmt"/>
      <line num="48" count="2" type="stmt"/>
      <line num="50" count="2" type="cond" truecount="4" falsecount="0"/>
      <line num="55" count="2" type="stmt"/>
      <line num="57" count="2" type="stmt"/>
    </file>
  </project>
</coverage>
