{"/Users/joaovitoroliveira/Desktop/Developer/ads/POO/trabalho-quadras/Classes/Agenda.ts": {"path":"/Users/joaovitoroliveira/Desktop/Developer/ads/POO/trabalho-quadras/Classes/Agenda.ts","statementMap":{"0":{"start":{"line":1,"column":13},"end":{"line":9,"column":2}},"1":{"start":{"line":19,"column":4},"end":{"line":19,"column":25}},"2":{"start":{"line":20,"column":4},"end":{"line":22,"column":7}},"3":{"start":{"line":21,"column":6},"end":{"line":21,"column":32}},"4":{"start":{"line":15,"column":0},"end":{"line":15,"column":13}}},"fnMap":{"0":{"name":"(anonymous_0)","decl":{"start":{"line":18,"column":2},"end":{"line":18,"column":null}},"loc":{"start":{"line":18,"column":2},"end":{"line":23,"column":3}}},"1":{"name":"(anonymous_1)","decl":{"start":{"line":20,"column":17},"end":{"line":20,"column":18}},"loc":{"start":{"line":20,"column":25},"end":{"line":22,"column":5}}}},"branchMap":{},"s":{"0":5,"1":12,"2":12,"3":84,"4":5},"f":{"0":12,"1":84},"b":{}}
,"/Users/joaovitoroliveira/Desktop/Developer/ads/POO/trabalho-quadras/Classes/Cliente.ts": {"path":"/Users/joaovitoroliveira/Desktop/Developer/ads/POO/trabalho-quadras/Classes/Cliente.ts","statementMap":{"0":{"start":{"line":5,"column":4},"end":{"line":5,"column":28}},"1":{"start":{"line":1,"column":0},"end":{"line":1,"column":13}}},"fnMap":{"0":{"name":"(anonymous_0)","decl":{"start":{"line":4,"column":2},"end":{"line":4,"column":14}},"loc":{"start":{"line":4,"column":26},"end":{"line":6,"column":3}}}},"branchMap":{},"s":{"0":10,"1":4},"f":{"0":10},"b":{}}
,"/Users/joaovitoroliveira/Desktop/Developer/ads/POO/trabalho-quadras/Classes/Quadra.ts": {"path":"/Users/joaovitoroliveira/Desktop/Developer/ads/POO/trabalho-quadras/Classes/Quadra.ts","statementMap":{"0":{"start":{"line":1,"column":0},"end":{"line":1,"column":34}},"1":{"start":{"line":3,"column":11},"end":{"line":3,"column":45}},"2":{"start":{"line":11,"column":4},"end":{"line":11,"column":21}},"3":{"start":{"line":12,"column":4},"end":{"line":12,"column":31}},"4":{"start":{"line":13,"column":4},"end":{"line":13,"column":39}},"5":{"start":{"line":17,"column":4},"end":{"line":17,"column":34}},"6":{"start":{"line":19,"column":4},"end":{"line":19,"column":50}},"7":{"start":{"line":5,"column":0},"end":{"line":5,"column":13}}},"fnMap":{"0":{"name":"(anonymous_0)","decl":{"start":{"line":10,"column":2},"end":{"line":10,"column":14}},"loc":{"start":{"line":10,"column":43},"end":{"line":14,"column":3}}},"1":{"name":"(anonymous_1)","decl":{"start":{"line":16,"column":2},"end":{"line":16,"column":17}},"loc":{"start":{"line":16,"column":17},"end":{"line":20,"column":3}}}},"branchMap":{},"s":{"0":5,"1":5,"2":12,"3":12,"4":12,"5":10,"6":10,"7":5},"f":{"0":12,"1":10},"b":{}}
,"/Users/joaovitoroliveira/Desktop/Developer/ads/POO/trabalho-quadras/Classes/Reserva.ts": {"path":"/Users/joaovitoroliveira/Desktop/Developer/ads/POO/trabalho-quadras/Classes/Reserva.ts","statementMap":{"0":{"start":{"line":4,"column":13},"end":{"line":4,"column":38}},"1":{"start":{"line":13,"column":4},"end":{"line":13,"column":27}},"2":{"start":{"line":14,"column":4},"end":{"line":14,"column":29}},"3":{"start":{"line":15,"column":4},"end":{"line":15,"column":19}},"4":{"start":{"line":16,"column":4},"end":{"line":16,"column":27}},"5":{"start":{"line":20,"column":4},"end":{"line":20,"column":127}},"6":{"start":{"line":24,"column":4},"end":{"line":33,"column":5}},"7":{"start":{"line":25,"column":6},"end":{"line":25,"column":39}},"8":{"start":{"line":26,"column":11},"end":{"line":33,"column":5}},"9":{"start":{"line":29,"column":6},"end":{"line":29,"column":47}},"10":{"start":{"line":31,"column":6},"end":{"line":31,"column":67}},"11":{"start":{"line":32,"column":6},"end":{"line":32,"column":52}},"12":{"start":{"line":37,"column":4},"end":{"line":58,"column":5}},"13":{"start":{"line":38,"column":6},"end":{"line":38,"column":39}},"14":{"start":{"line":39,"column":11},"end":{"line":58,"column":5}},"15":{"start":{"line":42,"column":6},"end":{"line":42,"column":48}},"16":{"start":{"line":45,"column":8},"end":{"line":45,"column":71}},"17":{"start":{"line":46,"column":6},"end":{"line":46,"column":70}},"18":{"start":{"line":48,"column":27},"end":{"line":53,"column":null}},"19":{"start":{"line":50,"column":10},"end":{"line":53,"column":37}},"20":{"start":{"line":55,"column":6},"end":{"line":55,"column":39}},"21":{"start":{"line":57,"column":6},"end":{"line":57,"column":52}},"22":{"start":{"line":6,"column":0},"end":{"line":6,"column":13}}},"fnMap":{"0":{"name":"(anonymous_0)","decl":{"start":{"line":12,"column":2},"end":{"line":12,"column":14}},"loc":{"start":{"line":12,"column":76},"end":{"line":17,"column":3}}},"1":{"name":"(anonymous_1)","decl":{"start":{"line":19,"column":2},"end":{"line":19,"column":15}},"loc":{"start":{"line":19,"column":15},"end":{"line":21,"column":3}}},"2":{"name":"(anonymous_2)","decl":{"start":{"line":23,"column":2},"end":{"line":23,"column":16}},"loc":{"start":{"line":23,"column":45},"end":{"line":34,"column":3}}},"3":{"name":"(anonymous_3)","decl":{"start":{"line":36,"column":2},"end":{"line":36,"column":17}},"loc":{"start":{"line":36,"column":46},"end":{"line":59,"column":3}}},"4":{"name":"(anonymous_4)","decl":{"start":{"line":49,"column":8},"end":{"line":49,"column":9}},"loc":{"start":{"line":50,"column":10},"end":{"line":53,"column":37}}}},"branchMap":{"0":{"loc":{"start":{"line":24,"column":4},"end":{"line":33,"column":5}},"type":"if","locations":[{"start":{"line":24,"column":4},"end":{"line":33,"column":5}},{"start":{"line":26,"column":11},"end":{"line":33,"column":5}}]},"1":{"loc":{"start":{"line":26,"column":11},"end":{"line":33,"column":5}},"type":"if","locations":[{"start":{"line":26,"column":11},"end":{"line":33,"column":5}},{"start":{"line":30,"column":11},"end":{"line":33,"column":5}}]},"2":{"loc":{"start":{"line":37,"column":4},"end":{"line":58,"column":5}},"type":"if","locations":[{"start":{"line":37,"column":4},"end":{"line":58,"column":5}},{"start":{"line":39,"column":11},"end":{"line":58,"column":5}}]},"3":{"loc":{"start":{"line":39,"column":11},"end":{"line":58,"column":5}},"type":"if","locations":[{"start":{"line":39,"column":11},"end":{"line":58,"column":5}},{"start":{"line":43,"column":11},"end":{"line":58,"column":5}}]},"4":{"loc":{"start":{"line":50,"column":10},"end":{"line":53,"column":37}},"type":"binary-expr","locations":[{"start":{"line":50,"column":10},"end":{"line":50,"column":66}},{"start":{"line":51,"column":10},"end":{"line":51,"column":58}},{"start":{"line":52,"column":10},"end":{"line":52,"column":29}},{"start":{"line":53,"column":10},"end":{"line":53,"column":37}}]}},"s":{"0":4,"1":10,"2":10,"3":10,"4":10,"5":4,"6":10,"7":0,"8":10,"9":1,"10":9,"11":9,"12":2,"13":0,"14":2,"15":0,"16":2,"17":2,"18":2,"19":2,"20":2,"21":2,"22":4},"f":{"0":10,"1":4,"2":10,"3":2,"4":2},"b":{"0":[0,10],"1":[1,9],"2":[0,2],"3":[0,2],"4":[2,2,2,2]}}
}
