TN:
SF:Classes/Agenda.ts
FN:18,(anonymous_0)
FN:20,(anonymous_1)
FNF:2
FNH:2
FNDA:12,(anonymous_0)
FNDA:84,(anonymous_1)
DA:1,5
DA:15,5
DA:19,12
DA:20,12
DA:21,84
LF:5
LH:5
BRF:0
BRH:0
end_of_record
TN:
SF:Classes/Cliente.ts
FN:4,(anonymous_0)
FNF:1
FNH:1
FNDA:10,(anonymous_0)
DA:1,4
DA:5,10
LF:2
LH:2
BRF:0
BRH:0
end_of_record
TN:
SF:Classes/Quadra.ts
FN:10,(anonymous_0)
FN:16,(anonymous_1)
FNF:2
FNH:2
FNDA:12,(anonymous_0)
FNDA:10,(anonymous_1)
DA:1,5
DA:3,5
DA:5,5
DA:11,12
DA:12,12
DA:13,12
DA:17,10
DA:19,10
LF:8
LH:8
BRF:0
BRH:0
end_of_record
TN:
SF:Classes/Reserva.ts
FN:12,(anonymous_0)
FN:19,(anonymous_1)
FN:23,(anonymous_2)
FN:36,(anonymous_3)
FN:49,(anonymous_4)
FNF:5
FNH:5
FNDA:10,(anonymous_0)
FNDA:4,(anonymous_1)
FNDA:10,(anonymous_2)
FNDA:2,(anonymous_3)
FNDA:2,(anonymous_4)
DA:4,4
DA:6,4
DA:13,10
DA:14,10
DA:15,10
DA:16,10
DA:20,4
DA:24,10
DA:25,0
DA:26,10
DA:29,1
DA:31,9
DA:32,9
DA:37,2
DA:38,0
DA:39,2
DA:42,0
DA:45,2
DA:46,2
DA:48,2
DA:50,2
DA:55,2
DA:57,2
LF:23
LH:20
BRDA:24,0,0,0
BRDA:24,0,1,10
BRDA:26,1,0,1
BRDA:26,1,1,9
BRDA:37,2,0,0
BRDA:37,2,1,2
BRDA:39,3,0,0
BRDA:39,3,1,2
BRDA:50,4,0,2
BRDA:50,4,1,2
BRDA:50,4,2,2
BRDA:50,4,3,2
BRF:12
BRH:9
end_of_record
